<?xml version="1.0" encoding="UTF-8" ?>
<testsuites>
  <testsuite errors="2" failures="4" hostname="SS-POWERSB" id="0" name="AllCbmTests" package="org.cagrid.cbm.test" tests="19" time="45.969" timestamp="2011-02-16T15:43:42">
      <properties>
[...]
</properties>

      <testcase classname="org.cagrid.cbm.test.CbmBaseTests" name="testConnection" time="1.258" />

      <testcase classname="org.cagrid.cbm.test.CbmBaseTests" name="testAddressObjectExistence" time="0.71" />

      <testcase classname="org.cagrid.cbm.test.CbmBaseTests" name="testAnnotationAvailibilityProfileObjectExistence" time="0.544" />

      <testcase classname="org.cagrid.cbm.test.CbmBaseTests" name="testCollectionProtocolObjectExistence" time="0.737" />

      <testcase classname="org.cagrid.cbm.test.CbmBaseTests" name="testDiagnosisObjectExistence" time="0.701" />

      <testcase classname="org.cagrid.cbm.test.CbmBaseTests" name="testInstitutionObjectExistence" time="0.795" />

      <testcase classname="org.cagrid.cbm.test.CbmBaseTests" name="testOrganizationObjectExistence" time="0.725">
          <error type="gov.nih.nci.cagrid.data.faults.QueryProcessingExceptionType">AxisFault
 faultCode: {http://schemas.xmlsoap.org/soap/envelope/}Server.generalException
 faultSubcode: 
 faultString: 
 faultActor: 
 faultNode: 
 faultDetail: 
	{http://gov.nih.nci.cagrid.data/DataServiceExceptions}QueryProcessingException:&lt;ns2:Timestamp xmlns:ns2=&quot;http://docs.oasis-open.org/wsrf/2004/06/wsrf-WS-BaseFaults-1.2-draft-01.xsd&quot;&gt;2011-02-16T15:49:03.279Z&lt;/ns2:Timestamp&gt;&lt;ns3:Originator xmlns:ns3=&quot;http://docs.oasis-open.org/wsrf/2004/06/wsrf-WS-BaseFaults-1.2-draft-01.xsd&quot;&gt;&lt;ns4:Address xmlns:ns4=&quot;http://schemas.xmlsoap.org/ws/2004/03/addressing&quot;&gt;http://128.23.35.126:8080/wsrf/services/cagrid/CBM&lt;/ns4:Address&gt;&lt;ns5:ReferenceProperties xmlns:ns5=&quot;http://schemas.xmlsoap.org/ws/2004/03/addressing&quot;/&gt;&lt;ns6:ReferenceParameters xmlns:ns6=&quot;http://schemas.xmlsoap.org/ws/2004/03/addressing&quot;/&gt;&lt;/ns3:Originator&gt;&lt;ns7:Description xmlns:ns7=&quot;http://docs.oasis-open.org/wsrf/2004/06/wsrf-WS-BaseFaults-1.2-draft-01.xsd&quot;&gt;QueryProcessingException -- Error processing CQL query in the caCORE ApplicationService: Exception in ORMDAOImpl &lt;/ns7:Description&gt;&lt;ns8:FaultCause xmlns:ns8=&quot;http://docs.oasis-open.org/wsrf/2004/06/wsrf-WS-BaseFaults-1.2-draft-01.xsd&quot;&gt;&lt;ns8:Timestamp&gt;2011-02-16T15:49:03.279Z&lt;/ns8:Timestamp&gt;&lt;ns8:ErrorCode dialect=&quot;http://www.globus.org/fault/stacktrace&quot;&gt;
	at gov.nih.nci.cagrid.data.service.DataServiceImpl.query(DataServiceImpl.java:58)
	at gov.nih.nci.cagrid.data.service.globus.DataServiceProviderImpl.query(DataServiceProviderImpl.java:28)
	at org.apache.axis.providers.java.RPCProvider.invokeMethod(RPCProvider.java:384)
	at org.globus.axis.providers.RPCProvider.invokeMethodSub(RPCProvider.java:107)
	at org.globus.axis.providers.RPCProvider.invokeMethod(RPCProvider.java:90)
	at org.apache.axis.providers.java.RPCProvider.processMessage(RPCProvider.java:281)
	at org.apache.axis.providers.java.JavaProvider.invoke(JavaProvider.java:319)
	at org.apache.axis.strategies.InvocationStrategy.visit(InvocationStrategy.java:32)
	at org.apache.axis.SimpleChain.doVisiting(SimpleChain.java:118)
	at org.apache.axis.SimpleChain.invoke(SimpleChain.java:83)
	at org.apache.axis.handlers.soap.SOAPService.invoke(SOAPService.java:450)
	at org.apache.axis.server.AxisServer.invoke(AxisServer.java:285)
	at org.apache.axis.transport.http.AxisServlet.doPost(AxisServlet.java:697)
	at javax.servlet.http.HttpServlet.service(HttpServlet.java:717)
	at org.apache.axis.transport.http.AxisServletBase.service(AxisServletBase.java:327)
	at javax.servlet.http.HttpServlet.service(HttpServlet.java:810)
	at org.apache.catalina.core.ApplicationFilterChain.internalDoFilter(ApplicationFilterChain.java:252)
	at org.apache.catalina.core.ApplicationFilterChain.doFilter(ApplicationFilterChain.java:173)
	at org.jboss.web.tomcat.filters.ReplyHeaderFilter.doFilter(ReplyHeaderFilter.java:96)
	at org.apache.catalina.core.ApplicationFilterChain.internalDoFilter(ApplicationFilterChain.java:202)
	at org.apache.catalina.core.ApplicationFilterChain.doFilter(ApplicationFilterChain.java:173)
	at org.apache.catalina.core.StandardWrapperValve.invoke(StandardWrapperValve.java:213)
	at org.apache.catalina.core.StandardContextValve.invoke(StandardContextValve.java:178)
	at org.jboss.web.tomcat.security.SecurityAssociationValve.invoke(SecurityAssociationValve.java:175)
	at org.jboss.web.tomcat.security.JaccContextValve.invoke(JaccContextValve.java:74)
	at org.apache.catalina.core.StandardHostValve.invoke(StandardHostValve.java:126)
	at org.apache.catalina.valves.ErrorReportValve.invoke(ErrorReportValve.java:105)
	at org.apache.catalina.core.StandardEngineValve.invoke(StandardEngineValve.java:107)
	at org.apache.catalina.connector.CoyoteAdapter.service(CoyoteAdapter.java:148)
	at org.apache.coyote.http11.Http11Processor.process(Http11Processor.java:869)
	at org.apache.coyote.http11.Http11BaseProtocol$Http11ConnectionHandler.processConnection(Http11BaseProtocol.java:664)
	at org.apache.tomcat.util.net.PoolTcpEndpoint.processSocket(PoolTcpEndpoint.java:527)
	at org.apache.tomcat.util.net.MasterSlaveWorkerThread.run(MasterSlaveWorkerThread.java:112)
	at java.lang.Thread.run(Thread.java:595)
&lt;/ns8:ErrorCode&gt;&lt;ns8:Description&gt;gov.nih.nci.cagrid.data.faults.QueryProcessingExceptionType&lt;/ns8:Description&gt;&lt;/ns8:FaultCause&gt;&lt;ns9:FaultCause xmlns:ns9=&quot;http://docs.oasis-open.org/wsrf/2004/06/wsrf-WS-BaseFaults-1.2-draft-01.xsd&quot;&gt;&lt;ns9:Timestamp&gt;2011-02-16T15:49:03.279Z&lt;/ns9:Timestamp&gt;&lt;ns9:Description&gt;Error processing CQL query in the caCORE ApplicationService: Exception in ORMDAOImpl &lt;/ns9:Description&gt;&lt;ns9:FaultCause&gt;&lt;ns9:Timestamp&gt;2011-02-16T15:49:03.279Z&lt;/ns9:Timestamp&gt;&lt;ns9:ErrorCode dialect=&quot;http://www.globus.org/fault/stacktrace&quot;&gt;gov.nih.nci.cagrid.data.QueryProcessingException: Error processing CQL query in the caCORE ApplicationService: Exception in ORMDAOImpl 
	at org.cagrid.data.sdkquery41.processor.SDK41QueryProcessor.processQuery(SDK41QueryProcessor.java:78)
	at gov.nih.nci.cagrid.data.service.DataServiceImpl.query(DataServiceImpl.java:53)
	at gov.nih.nci.cagrid.data.service.globus.DataServiceProviderImpl.query(DataServiceProviderImpl.java:28)
	at org.apache.axis.providers.java.RPCProvider.invokeMethod(RPCProvider.java:384)
	at org.globus.axis.providers.RPCProvider.invokeMethodSub(RPCProvider.java:107)
	at org.globus.axis.providers.RPCProvider.invokeMethod(RPCProvider.java:90)
	at org.apache.axis.providers.java.RPCProvider.processMessage(RPCProvider.java:281)
	at org.apache.axis.providers.java.JavaProvider.invoke(JavaProvider.java:319)
	at org.apache.axis.strategies.InvocationStrategy.visit(InvocationStrategy.java:32)
	at org.apache.axis.SimpleChain.doVisiting(SimpleChain.java:118)
	at org.apache.axis.SimpleChain.invoke(SimpleChain.java:83)
	at org.apache.axis.handlers.soap.SOAPService.invoke(SOAPService.java:450)
	at org.apache.axis.server.AxisServer.invoke(AxisServer.java:285)
	at org.apache.axis.transport.http.AxisServlet.doPost(AxisServlet.java:697)
	at javax.servlet.http.HttpServlet.service(HttpServlet.java:717)
	at org.apache.axis.transport.http.AxisServletBase.service(AxisServletBase.java:327)
	at javax.servlet.http.HttpServlet.service(HttpServlet.java:810)
	at org.apache.catalina.core.ApplicationFilterChain.internalDoFilter(ApplicationFilterChain.java:252)
	at org.apache.catalina.core.ApplicationFilterChain.doFilter(ApplicationFilterChain.java:173)
	at org.jboss.web.tomcat.filters.ReplyHeaderFilter.doFilter(ReplyHeaderFilter.java:96)
	at org.apache.catalina.core.ApplicationFilterChain.internalDoFilter(ApplicationFilterChain.java:202)
	at org.apache.catalina.core.ApplicationFilterChain.doFilter(ApplicationFilterChain.java:173)
	at org.apache.catalina.core.StandardWrapperValve.invoke(StandardWrapperValve.java:213)
	at org.apache.catalina.core.StandardContextValve.invoke(StandardContextValve.java:178)
	at org.jboss.web.tomcat.security.SecurityAssociationValve.invoke(SecurityAssociationValve.java:175)
	at org.jboss.web.tomcat.security.JaccContextValve.invoke(JaccContextValve.java:74)
	at org.apache.catalina.core.StandardHostValve.invoke(StandardHostValve.java:126)
	at org.apache.catalina.valves.ErrorReportValve.invoke(ErrorReportValve.java:105)
	at org.apache.catalina.core.StandardEngineValve.invoke(StandardEngineValve.java:107)
	at org.apache.catalina.connector.CoyoteAdapter.service(CoyoteAdapter.java:148)
	at org.apache.coyote.http11.Http11Processor.process(Http11Processor.java:869)
	at org.apache.coyote.http11.Http11BaseProtocol$Http11ConnectionHandler.processConnection(Http11BaseProtocol.java:664)
	at org.apache.tomcat.util.net.PoolTcpEndpoint.processSocket(PoolTcpEndpoint.java:527)
	at org.apache.tomcat.util.net.MasterSlaveWorkerThread.run(MasterSlaveWorkerThread.java:112)
	at java.lang.Thread.run(Thread.java:595)
Caused by: gov.nih.nci.system.applicationservice.ApplicationException: Exception in ORMDAOImpl 
	at gov.nih.nci.system.applicationservice.impl.ApplicationServiceImpl.query(ApplicationServiceImpl.java:322)
	at org.springframework.aop.support.AopUtils.invokeJoinpointUsingReflection(AopUtils.java:299)
	at org.springframework.aop.framework.ReflectiveMethodInvocation.invokeJoinpoint(ReflectiveMethodInvocation.java:172)
	at org.springframework.aop.framework.ReflectiveMethodInvocation.proceed(ReflectiveMethodInvocation.java:139)
	at org.springframework.transaction.interceptor.TransactionInterceptor.invoke(TransactionInterceptor.java:107)
	at org.springframework.aop.framework.ReflectiveMethodInvocation.proceed(ReflectiveMethodInvocation.java:161)
	at gov.nih.nci.system.client.proxy.ApplicationServiceProxy.invoke(ApplicationServiceProxy.java:47)
	at org.springframework.aop.framework.ReflectiveMethodInvocation.proceed(ReflectiveMethodInvocation.java:161)
	at org.springframework.aop.framework.JdkDynamicAopProxy.invoke(JdkDynamicAopProxy.java:202)
	at $Proxy19.query(Unknown Source)
	at org.cagrid.data.sdkquery41.processor.SDK41QueryProcessor.processQuery(SDK41QueryProcessor.java:74)
&lt;/ns9:ErrorCode&gt;&lt;ns9:Description&gt;gov.nih.nci.cagrid.data.QueryProcessingException&lt;/ns9:Description&gt;&lt;/ns9:FaultCause&gt;&lt;/ns9:FaultCause&gt;
	{http://xml.apache.org/axis/}exceptionName:gov.nih.nci.cagrid.data.faults.QueryProcessingExceptionType
	{http://xml.apache.org/axis/}hostname:congo


	at java.lang.reflect.Constructor.newInstance(Constructor.java:513)
	at java.lang.Class.newInstance0(Class.java:355)
	at java.lang.Class.newInstance(Class.java:308)
	at org.apache.axis.encoding.ser.BeanDeserializer.&lt;init&gt;(BeanDeserializer.java:90)
	at org.apache.axis.encoding.ser.BeanDeserializer.&lt;init&gt;(BeanDeserializer.java:76)
	at gov.nih.nci.cagrid.data.faults.QueryProcessingExceptionType.getDeserializer(QueryProcessingExceptionType.java:90)
	at org.apache.axis.encoding.ser.BaseDeserializerFactory.getSpecialized(BaseDeserializerFactory.java:154)
	at org.apache.axis.encoding.ser.BaseDeserializerFactory.getDeserializerAs(BaseDeserializerFactory.java:84)
	at org.apache.axis.encoding.DeserializationContext.getDeserializer(DeserializationContext.java:464)
	at org.apache.axis.encoding.DeserializationContext.getDeserializerForType(DeserializationContext.java:547)
	at org.apache.axis.message.SOAPFaultDetailsBuilder.onStartChild(SOAPFaultDetailsBuilder.java:157)
	at org.apache.axis.encoding.DeserializationContext.startElement(DeserializationContext.java:1035)
	at org.apache.xerces.parsers.AbstractSAXParser.startElement(Unknown Source)
	at org.apache.xerces.impl.XMLNSDocumentScannerImpl.scanStartElement(Unknown Source)
	at org.apache.xerces.impl.XMLDocumentFragmentScannerImpl$FragmentContentDispatcher.dispatch(Unknown Source)
	at org.apache.xerces.impl.XMLDocumentFragmentScannerImpl.scanDocument(Unknown Source)
	at org.apache.xerces.parsers.XML11Configuration.parse(Unknown Source)
	at org.apache.xerces.parsers.XML11Configuration.parse(Unknown Source)
	at org.apache.xerces.parsers.XMLParser.parse(Unknown Source)
	at org.apache.xerces.parsers.AbstractSAXParser.parse(Unknown Source)
	at org.apache.xerces.jaxp.SAXParserImpl$JAXPSAXParser.parse(Unknown Source)
	at javax.xml.parsers.SAXParser.parse(SAXParser.java:395)
	at org.apache.axis.encoding.DeserializationContext.parse(DeserializationContext.java:227)
	at org.apache.axis.SOAPPart.getAsSOAPEnvelope(SOAPPart.java:645)
	at org.apache.axis.Message.getSOAPEnvelope(Message.java:424)
	at org.apache.axis.message.addressing.handler.AddressingHandler.processClientResponse(AddressingHandler.java:305)
	at org.apache.axis.message.addressing.handler.AddressingHandler.invoke(AddressingHandler.java:110)
	at org.apache.axis.strategies.InvocationStrategy.visit(InvocationStrategy.java:32)
	at org.apache.axis.SimpleChain.doVisiting(SimpleChain.java:118)
	at org.apache.axis.SimpleChain.invoke(SimpleChain.java:83)
	at org.apache.axis.client.AxisClient.invoke(AxisClient.java:190)
	at org.apache.axis.client.Call.invokeEngine(Call.java:2727)
	at org.apache.axis.client.Call.invoke(Call.java:2710)
	at org.apache.axis.client.Call.invoke(Call.java:2386)
	at org.apache.axis.client.Call.invoke(Call.java:2309)
	at org.apache.axis.client.Call.invoke(Call.java:1766)
	at gov.nih.nci.cagrid.data.stubs.bindings.DataServicePortTypeSOAPBindingStub.query(DataServicePortTypeSOAPBindingStub.java:904)
	at gov.nih.nci.cagrid.data.client.DataServiceClient.query(DataServiceClient.java:121)
	at org.cagrid.cbm.test.CbmTest.executeQueryString(CbmTest.java:163)
	at org.cagrid.cbm.test.CbmBaseTests.checkObjectExistence(CbmBaseTests.java:98)
	at org.cagrid.cbm.test.CbmBaseTests.testOrganizationObjectExistence(CbmBaseTests.java:52)
	at org.eclipse.ant.internal.launching.remote.EclipseDefaultExecutor.executeTargets(EclipseDefaultExecutor.java:32)
	at org.eclipse.ant.internal.launching.remote.InternalAntRunner.run(InternalAntRunner.java:423)
	at org.eclipse.ant.internal.launching.remote.InternalAntRunner.main(InternalAntRunner.java:137)
</error>

      </testcase>

      <testcase classname="org.cagrid.cbm.test.CbmBaseTests" name="testParticipantCollectionSummaryObjectExistence" time="0.646" />

      <testcase classname="org.cagrid.cbm.test.CbmBaseTests" name="testPersonObjectExistence" time="0.798">
          <error type="gov.nih.nci.cagrid.data.faults.QueryProcessingExceptionType">AxisFault
 faultCode: {http://schemas.xmlsoap.org/soap/envelope/}Server.generalException
 faultSubcode: 
 faultString: 
 faultActor: 
 faultNode: 
 faultDetail: 
	{http://gov.nih.nci.cagrid.data/DataServiceExceptions}QueryProcessingException:&lt;ns2:Timestamp xmlns:ns2=&quot;http://docs.oasis-open.org/wsrf/2004/06/wsrf-WS-BaseFaults-1.2-draft-01.xsd&quot;&gt;2011-02-16T15:49:04.701Z&lt;/ns2:Timestamp&gt;&lt;ns3:Originator xmlns:ns3=&quot;http://docs.oasis-open.org/wsrf/2004/06/wsrf-WS-BaseFaults-1.2-draft-01.xsd&quot;&gt;&lt;ns4:Address xmlns:ns4=&quot;http://schemas.xmlsoap.org/ws/2004/03/addressing&quot;&gt;http://128.23.35.126:8080/wsrf/services/cagrid/CBM&lt;/ns4:Address&gt;&lt;ns5:ReferenceProperties xmlns:ns5=&quot;http://schemas.xmlsoap.org/ws/2004/03/addressing&quot;/&gt;&lt;ns6:ReferenceParameters xmlns:ns6=&quot;http://schemas.xmlsoap.org/ws/2004/03/addressing&quot;/&gt;&lt;/ns3:Originator&gt;&lt;ns7:Description xmlns:ns7=&quot;http://docs.oasis-open.org/wsrf/2004/06/wsrf-WS-BaseFaults-1.2-draft-01.xsd&quot;&gt;QueryProcessingException -- Error processing CQL query in the caCORE ApplicationService: Exception in ORMDAOImpl &lt;/ns7:Description&gt;&lt;ns8:FaultCause xmlns:ns8=&quot;http://docs.oasis-open.org/wsrf/2004/06/wsrf-WS-BaseFaults-1.2-draft-01.xsd&quot;&gt;&lt;ns8:Timestamp&gt;2011-02-16T15:49:04.701Z&lt;/ns8:Timestamp&gt;&lt;ns8:ErrorCode dialect=&quot;http://www.globus.org/fault/stacktrace&quot;&gt;
	at gov.nih.nci.cagrid.data.service.DataServiceImpl.query(DataServiceImpl.java:58)
	at gov.nih.nci.cagrid.data.service.globus.DataServiceProviderImpl.query(DataServiceProviderImpl.java:28)
	at org.apache.axis.providers.java.RPCProvider.invokeMethod(RPCProvider.java:384)
	at org.globus.axis.providers.RPCProvider.invokeMethodSub(RPCProvider.java:107)
	at org.globus.axis.providers.RPCProvider.invokeMethod(RPCProvider.java:90)
	at org.apache.axis.providers.java.RPCProvider.processMessage(RPCProvider.java:281)
	at org.apache.axis.providers.java.JavaProvider.invoke(JavaProvider.java:319)
	at org.apache.axis.strategies.InvocationStrategy.visit(InvocationStrategy.java:32)
	at org.apache.axis.SimpleChain.doVisiting(SimpleChain.java:118)
	at org.apache.axis.SimpleChain.invoke(SimpleChain.java:83)
	at org.apache.axis.handlers.soap.SOAPService.invoke(SOAPService.java:450)
	at org.apache.axis.server.AxisServer.invoke(AxisServer.java:285)
	at org.apache.axis.transport.http.AxisServlet.doPost(AxisServlet.java:697)
	at javax.servlet.http.HttpServlet.service(HttpServlet.java:717)
	at org.apache.axis.transport.http.AxisServletBase.service(AxisServletBase.java:327)
	at javax.servlet.http.HttpServlet.service(HttpServlet.java:810)
	at org.apache.catalina.core.ApplicationFilterChain.internalDoFilter(ApplicationFilterChain.java:252)
	at org.apache.catalina.core.ApplicationFilterChain.doFilter(ApplicationFilterChain.java:173)
	at org.jboss.web.tomcat.filters.ReplyHeaderFilter.doFilter(ReplyHeaderFilter.java:96)
	at org.apache.catalina.core.ApplicationFilterChain.internalDoFilter(ApplicationFilterChain.java:202)
	at org.apache.catalina.core.ApplicationFilterChain.doFilter(ApplicationFilterChain.java:173)
	at org.apache.catalina.core.StandardWrapperValve.invoke(StandardWrapperValve.java:213)
	at org.apache.catalina.core.StandardContextValve.invoke(StandardContextValve.java:178)
	at org.jboss.web.tomcat.security.SecurityAssociationValve.invoke(SecurityAssociationValve.java:175)
	at org.jboss.web.tomcat.security.JaccContextValve.invoke(JaccContextValve.java:74)
	at org.apache.catalina.core.StandardHostValve.invoke(StandardHostValve.java:126)
	at org.apache.catalina.valves.ErrorReportValve.invoke(ErrorReportValve.java:105)
	at org.apache.catalina.core.StandardEngineValve.invoke(StandardEngineValve.java:107)
	at org.apache.catalina.connector.CoyoteAdapter.service(CoyoteAdapter.java:148)
	at org.apache.coyote.http11.Http11Processor.process(Http11Processor.java:869)
	at org.apache.coyote.http11.Http11BaseProtocol$Http11ConnectionHandler.processConnection(Http11BaseProtocol.java:664)
	at org.apache.tomcat.util.net.PoolTcpEndpoint.processSocket(PoolTcpEndpoint.java:527)
	at org.apache.tomcat.util.net.MasterSlaveWorkerThread.run(MasterSlaveWorkerThread.java:112)
	at java.lang.Thread.run(Thread.java:595)
&lt;/ns8:ErrorCode&gt;&lt;ns8:Description&gt;gov.nih.nci.cagrid.data.faults.QueryProcessingExceptionType&lt;/ns8:Description&gt;&lt;/ns8:FaultCause&gt;&lt;ns9:FaultCause xmlns:ns9=&quot;http://docs.oasis-open.org/wsrf/2004/06/wsrf-WS-BaseFaults-1.2-draft-01.xsd&quot;&gt;&lt;ns9:Timestamp&gt;2011-02-16T15:49:04.701Z&lt;/ns9:Timestamp&gt;&lt;ns9:Description&gt;Error processing CQL query in the caCORE ApplicationService: Exception in ORMDAOImpl &lt;/ns9:Description&gt;&lt;ns9:FaultCause&gt;&lt;ns9:Timestamp&gt;2011-02-16T15:49:04.701Z&lt;/ns9:Timestamp&gt;&lt;ns9:ErrorCode dialect=&quot;http://www.globus.org/fault/stacktrace&quot;&gt;gov.nih.nci.cagrid.data.QueryProcessingException: Error processing CQL query in the caCORE ApplicationService: Exception in ORMDAOImpl 
	at org.cagrid.data.sdkquery41.processor.SDK41QueryProcessor.processQuery(SDK41QueryProcessor.java:78)
	at gov.nih.nci.cagrid.data.service.DataServiceImpl.query(DataServiceImpl.java:53)
	at gov.nih.nci.cagrid.data.service.globus.DataServiceProviderImpl.query(DataServiceProviderImpl.java:28)
	at org.apache.axis.providers.java.RPCProvider.invokeMethod(RPCProvider.java:384)
	at org.globus.axis.providers.RPCProvider.invokeMethodSub(RPCProvider.java:107)
	at org.globus.axis.providers.RPCProvider.invokeMethod(RPCProvider.java:90)
	at org.apache.axis.providers.java.RPCProvider.processMessage(RPCProvider.java:281)
	at org.apache.axis.providers.java.JavaProvider.invoke(JavaProvider.java:319)
	at org.apache.axis.strategies.InvocationStrategy.visit(InvocationStrategy.java:32)
	at org.apache.axis.SimpleChain.doVisiting(SimpleChain.java:118)
	at org.apache.axis.SimpleChain.invoke(SimpleChain.java:83)
	at org.apache.axis.handlers.soap.SOAPService.invoke(SOAPService.java:450)
	at org.apache.axis.server.AxisServer.invoke(AxisServer.java:285)
	at org.apache.axis.transport.http.AxisServlet.doPost(AxisServlet.java:697)
	at javax.servlet.http.HttpServlet.service(HttpServlet.java:717)
	at org.apache.axis.transport.http.AxisServletBase.service(AxisServletBase.java:327)
	at javax.servlet.http.HttpServlet.service(HttpServlet.java:810)
	at org.apache.catalina.core.ApplicationFilterChain.internalDoFilter(ApplicationFilterChain.java:252)
	at org.apache.catalina.core.ApplicationFilterChain.doFilter(ApplicationFilterChain.java:173)
	at org.jboss.web.tomcat.filters.ReplyHeaderFilter.doFilter(ReplyHeaderFilter.java:96)
	at org.apache.catalina.core.ApplicationFilterChain.internalDoFilter(ApplicationFilterChain.java:202)
	at org.apache.catalina.core.ApplicationFilterChain.doFilter(ApplicationFilterChain.java:173)
	at org.apache.catalina.core.StandardWrapperValve.invoke(StandardWrapperValve.java:213)
	at org.apache.catalina.core.StandardContextValve.invoke(StandardContextValve.java:178)
	at org.jboss.web.tomcat.security.SecurityAssociationValve.invoke(SecurityAssociationValve.java:175)
	at org.jboss.web.tomcat.security.JaccContextValve.invoke(JaccContextValve.java:74)
	at org.apache.catalina.core.StandardHostValve.invoke(StandardHostValve.java:126)
	at org.apache.catalina.valves.ErrorReportValve.invoke(ErrorReportValve.java:105)
	at org.apache.catalina.core.StandardEngineValve.invoke(StandardEngineValve.java:107)
	at org.apache.catalina.connector.CoyoteAdapter.service(CoyoteAdapter.java:148)
	at org.apache.coyote.http11.Http11Processor.process(Http11Processor.java:869)
	at org.apache.coyote.http11.Http11BaseProtocol$Http11ConnectionHandler.processConnection(Http11BaseProtocol.java:664)
	at org.apache.tomcat.util.net.PoolTcpEndpoint.processSocket(PoolTcpEndpoint.java:527)
	at org.apache.tomcat.util.net.MasterSlaveWorkerThread.run(MasterSlaveWorkerThread.java:112)
	at java.lang.Thread.run(Thread.java:595)
Caused by: gov.nih.nci.system.applicationservice.ApplicationException: Exception in ORMDAOImpl 
	at gov.nih.nci.system.applicationservice.impl.ApplicationServiceImpl.query(ApplicationServiceImpl.java:322)
	at org.springframework.aop.support.AopUtils.invokeJoinpointUsingReflection(AopUtils.java:299)
	at org.springframework.aop.framework.ReflectiveMethodInvocation.invokeJoinpoint(ReflectiveMethodInvocation.java:172)
	at org.springframework.aop.framework.ReflectiveMethodInvocation.proceed(ReflectiveMethodInvocation.java:139)
	at org.springframework.transaction.interceptor.TransactionInterceptor.invoke(TransactionInterceptor.java:107)
	at org.springframework.aop.framework.ReflectiveMethodInvocation.proceed(ReflectiveMethodInvocation.java:161)
	at gov.nih.nci.system.client.proxy.ApplicationServiceProxy.invoke(ApplicationServiceProxy.java:47)
	at org.springframework.aop.framework.ReflectiveMethodInvocation.proceed(ReflectiveMethodInvocation.java:161)
	at org.springframework.aop.framework.JdkDynamicAopProxy.invoke(JdkDynamicAopProxy.java:202)
	at $Proxy19.query(Unknown Source)
	at org.cagrid.data.sdkquery41.processor.SDK41QueryProcessor.processQuery(SDK41QueryProcessor.java:74)
&lt;/ns9:ErrorCode&gt;&lt;ns9:Description&gt;gov.nih.nci.cagrid.data.QueryProcessingException&lt;/ns9:Description&gt;&lt;/ns9:FaultCause&gt;&lt;/ns9:FaultCause&gt;
	{http://xml.apache.org/axis/}exceptionName:gov.nih.nci.cagrid.data.faults.QueryProcessingExceptionType
	{http://xml.apache.org/axis/}hostname:congo


	at java.lang.reflect.Constructor.newInstance(Constructor.java:513)
	at java.lang.Class.newInstance0(Class.java:355)
	at java.lang.Class.newInstance(Class.java:308)
	at org.apache.axis.encoding.ser.BeanDeserializer.&lt;init&gt;(BeanDeserializer.java:90)
	at org.apache.axis.encoding.ser.BeanDeserializer.&lt;init&gt;(BeanDeserializer.java:76)
	at gov.nih.nci.cagrid.data.faults.QueryProcessingExceptionType.getDeserializer(QueryProcessingExceptionType.java:90)
	at org.apache.axis.encoding.ser.BaseDeserializerFactory.getSpecialized(BaseDeserializerFactory.java:154)
	at org.apache.axis.encoding.ser.BaseDeserializerFactory.getDeserializerAs(BaseDeserializerFactory.java:84)
	at org.apache.axis.encoding.DeserializationContext.getDeserializer(DeserializationContext.java:464)
	at org.apache.axis.encoding.DeserializationContext.getDeserializerForType(DeserializationContext.java:547)
	at org.apache.axis.message.SOAPFaultDetailsBuilder.onStartChild(SOAPFaultDetailsBuilder.java:157)
	at org.apache.axis.encoding.DeserializationContext.startElement(DeserializationContext.java:1035)
	at org.apache.xerces.parsers.AbstractSAXParser.startElement(Unknown Source)
	at org.apache.xerces.impl.XMLNSDocumentScannerImpl.scanStartElement(Unknown Source)
	at org.apache.xerces.impl.XMLDocumentFragmentScannerImpl$FragmentContentDispatcher.dispatch(Unknown Source)
	at org.apache.xerces.impl.XMLDocumentFragmentScannerImpl.scanDocument(Unknown Source)
	at org.apache.xerces.parsers.XML11Configuration.parse(Unknown Source)
	at org.apache.xerces.parsers.XML11Configuration.parse(Unknown Source)
	at org.apache.xerces.parsers.XMLParser.parse(Unknown Source)
	at org.apache.xerces.parsers.AbstractSAXParser.parse(Unknown Source)
	at org.apache.xerces.jaxp.SAXParserImpl$JAXPSAXParser.parse(Unknown Source)
	at javax.xml.parsers.SAXParser.parse(SAXParser.java:395)
	at org.apache.axis.encoding.DeserializationContext.parse(DeserializationContext.java:227)
	at org.apache.axis.SOAPPart.getAsSOAPEnvelope(SOAPPart.java:645)
	at org.apache.axis.Message.getSOAPEnvelope(Message.java:424)
	at org.apache.axis.message.addressing.handler.AddressingHandler.processClientResponse(AddressingHandler.java:305)
	at org.apache.axis.message.addressing.handler.AddressingHandler.invoke(AddressingHandler.java:110)
	at org.apache.axis.strategies.InvocationStrategy.visit(InvocationStrategy.java:32)
	at org.apache.axis.SimpleChain.doVisiting(SimpleChain.java:118)
	at org.apache.axis.SimpleChain.invoke(SimpleChain.java:83)
	at org.apache.axis.client.AxisClient.invoke(AxisClient.java:190)
	at org.apache.axis.client.Call.invokeEngine(Call.java:2727)
	at org.apache.axis.client.Call.invoke(Call.java:2710)
	at org.apache.axis.client.Call.invoke(Call.java:2386)
	at org.apache.axis.client.Call.invoke(Call.java:2309)
	at org.apache.axis.client.Call.invoke(Call.java:1766)
	at gov.nih.nci.cagrid.data.stubs.bindings.DataServicePortTypeSOAPBindingStub.query(DataServicePortTypeSOAPBindingStub.java:904)
	at gov.nih.nci.cagrid.data.client.DataServiceClient.query(DataServiceClient.java:121)
	at org.cagrid.cbm.test.CbmTest.executeQueryString(CbmTest.java:163)
	at org.cagrid.cbm.test.CbmBaseTests.checkObjectExistence(CbmBaseTests.java:98)
	at org.cagrid.cbm.test.CbmBaseTests.testPersonObjectExistence(CbmBaseTests.java:62)
	at org.eclipse.ant.internal.launching.remote.EclipseDefaultExecutor.executeTargets(EclipseDefaultExecutor.java:32)
	at org.eclipse.ant.internal.launching.remote.InternalAntRunner.run(InternalAntRunner.java:423)
	at org.eclipse.ant.internal.launching.remote.InternalAntRunner.main(InternalAntRunner.java:137)
</error>

      </testcase>

      <testcase classname="org.cagrid.cbm.test.CbmBaseTests" name="testPreservationObjectExistence" time="0.626" />

      <testcase classname="org.cagrid.cbm.test.CbmBaseTests" name="testRaceObjectExistence" time="0.66" />

      <testcase classname="org.cagrid.cbm.test.CbmBaseTests" name="testSpecimenAvailabilitySummaryProfileObjectExistence" time="0.658" />

      <testcase classname="org.cagrid.cbm.test.CbmBaseTests" name="testSpecimenCollectionContactObjectExistence" time="0.653" />

      <testcase classname="org.cagrid.cbm.test.CbmBaseTests" name="testSpecimenCollectionSummaryObjectExistence" time="0.644" />

      <testcase classname="org.cagrid.cbm.test.CbmCodeListTests" name="testDiagnosisCodeListExtraValues" time="19.208">
          <failure message="Remote code list contains the following extra values: &#xa;&quot;Acyl-CoA Dehydrogenase, Long-Chain Deficiency&quot;; &#xa;&quot;Acyl-CoA Dehydrogenase, Medium-Chain Deficiency&quot;; &#xa;&quot;Acyl-CoA Dehydrogenase, Short-Chain Deficiency&quot;; &#xa;&quot;Chronic Myelogenous Leukemia, BCR-ABL1 Positive&quot;; &#xa;Dialysis; &#xa;Dialysis Access Failure; &#xa;Equine Infectious Anemia; &#xa;Experimental Allergic Encephalomyelitis; &#xa;Genetic Study; &#xa;Hyperargininemia; &#xa;Kidney Transplantation; &#xa;Kidney Volume; &#xa;Liver Study; &#xa;Liver Transplantation; &#xa;Marek Disease; &#xa;&quot;Niemann-Pick Disease, Type C&quot;; &#xa;Noma; &#xa;" type="junit.framework.AssertionFailedError">junit.framework.AssertionFailedError: Remote code list contains the following extra values: 
&quot;Acyl-CoA Dehydrogenase, Long-Chain Deficiency&quot;; 
&quot;Acyl-CoA Dehydrogenase, Medium-Chain Deficiency&quot;; 
&quot;Acyl-CoA Dehydrogenase, Short-Chain Deficiency&quot;; 
&quot;Chronic Myelogenous Leukemia, BCR-ABL1 Positive&quot;; 
Dialysis; 
Dialysis Access Failure; 
Equine Infectious Anemia; 
Experimental Allergic Encephalomyelitis; 
Genetic Study; 
Hyperargininemia; 
Kidney Transplantation; 
Kidney Volume; 
Liver Study; 
Liver Transplantation; 
Marek Disease; 
&quot;Niemann-Pick Disease, Type C&quot;; 
Noma; 

	at org.cagrid.cbm.test.CbmCodeListTests.extraValueTest(CbmCodeListTests.java:47)
	at org.cagrid.cbm.test.CbmCodeListTests.testDiagnosisCodeListExtraValues(CbmCodeListTests.java:15)
	at org.eclipse.ant.internal.launching.remote.EclipseDefaultExecutor.executeTargets(EclipseDefaultExecutor.java:32)
	at org.eclipse.ant.internal.launching.remote.InternalAntRunner.run(InternalAntRunner.java:423)
	at org.eclipse.ant.internal.launching.remote.InternalAntRunner.main(InternalAntRunner.java:137)
</failure>

      </testcase>

      <testcase classname="org.cagrid.cbm.test.CbmCodeListTests" name="testDiagnosisCodeListMissingValues" time="14.289">
          <failure message="Remote code list is missing the following values: &#xa;Chronic Myelogenous Leukemia, BCR-ABL1 Positive; &#xa;Thyroid Gland Carcinoma; &#xa;Uterine Corpus Cancer; &#xa;Vaginal Carcinoma; &#xa;Vulvar Carcinoma; &#xa;Wilms Tumor; &#xa;Tetralogy of Fallot; &#xa;Thalassemia; &#xa;Thrombocytopenia; &#xa;Thrombotic Thrombocytopenic Purpura; &#xa;Valvular Heart Disorder; &#xa;Varicose Vein; &#xa;Vasculitis; &#xa;Ventricular Septal Defect; &#xa;von Willebrand Disease; &#xa;Type 1 Diabetes Mellitus; &#xa;Type 2 Diabetes Mellitus; &#xa;Ulcerative Colitis; &#xa;Urinary System Disorder; &#xa;Urinary Tract Infection; &#xa;Vascular Access Graft Failure; &#xa;Vascular Disorder; &#xa;Vesicoureteral Reflux; &#xa;Wound Complication; &#xa;Acyl-CoA Dehydrogenase, Long-Chain Deficiency; &#xa;Acyl-CoA Dehydrogenase, Medium-Chain Deficiency; &#xa;Acyl-CoA Dehydrogenase, Short-Chain Deficiency; &#xa;Niemann-Pick Disease, Type C; &#xa;Gangrenous Stomatitis; &#xa;Subacute Sclerosing Panencephalitis; &#xa;Subcutaneous Panniculitis-Like T-Cell Lymphoma; &#xa;Subependymoma; &#xa;Subvalvular Aortic Stenosis; &#xa;Sudden Infant Death Syndrome; &#xa;SUNCT Syndrome; &#xa;Superior Mesenteric Artery Syndrome; &#xa;Superior Vena Cava Syndrome; &#xa;Supravalvular Aortic Stenosis; &#xa;Sweet Syndrome; &#xa;Swyer James Syndrome; &#xa;Syphilis; &#xa;Syringomyelia; &#xa;Systemic Mastocytosis; &#xa;Systemic Scleroderma; &#xa;Tabes Dorsalis; &#xa;Taeniasis; &#xa;Takayasu Arteritis; &#xa;Takotsubo Cardiomyopathy; &#xa;Tangier Disease; &#xa;Tarsal Tunnel Syndrome; &#xa;Tay-Sachs Disease; &#xa;T-Cell Large Granular Lymphocyte Leukemia; &#xa;Temporal Arteritis; &#xa;Testicular Neoplasm; &#xa;Tetanus; &#xa;Thalamic Disease; &#xa;Thalassemia Major; &#xa;Thanatophoric Dysplasia; &#xa;Thoracic Outlet Syndrome; &#xa;Thyroglossal Duct Cyst; &#xa;Thyroid Dysgenesis; &#xa;Thyroid Hormone Resistance Syndrome; &#xa;Togaviridae Infection; &#xa;Tolosa-Hunt Syndrome; &#xa;Tourette Syndrome; &#xa;Toxic Epidermal Necrolysis; &#xa;Toxocariasis; &#xa;Tracheobronchomalacia; &#xa;Tracheobronchomegaly; &#xa;Tracheoesophageal Fistula; &#xa;Transient Global Amnesia; &#xa;Treacher Collins Syndrome; &#xa;Treponemal Infection; &#xa;Trichinosis; &#xa;Trichorhinophalangeal Syndrome Type II; &#xa;Trichothiodystrophy; &#xa;Tricuspid Atresia; &#xa;Trigger Finger Disorder; &#xa;Triploidy Syndrome; &#xa;Trismus; &#xa;Trisomy 12; &#xa;Trisomy 18; &#xa;Trisomy 8; &#xa;Trisomy 9; &#xa;Trophoblastic Tumor; &#xa;True Hermaphroditism; &#xa;Tuberculosis; &#xa;Tuberous Sclerosis; &#xa;Tularemia; &#xa;Turner Syndrome; &#xa;Uniparental Disomy; &#xa;Urachal Cyst; &#xa;Urticaria Pigmentosa/Maculopapular Cutaneous Mastocytosis; &#xa;Usher Syndrome; &#xa;Uveomeningoencephalitic Syndrome; &#xa;Vaginal Neoplasm; &#xa;Variant Angina; &#xa;Variegate Porphyria; &#xa;Vascular Dementia; &#xa;VIP Producing Tumor; &#xa;Visceral Larva Migrans; &#xa;Vitamin A Deficiency; &#xa;Vitamin B6 Deficiency; &#xa;Von Hippel-Lindau Syndrome; &#xa;von Willebrand Disease, Type 3; &#xa;Waardenburg Syndrome; &#xa;Waldenstrom Macroglobulinemia; &#xa;Wallerian Degeneration; &#xa;Wandering Spleen; &#xa;Waterhouse-Friderichsen Syndrome; &#xa;Wegener Granulomatosis; &#xa;Weill-Marchesani Syndrome; &#xa;Wernicke-Korsakoff Syndrome; &#xa;West Syndrome; &#xa;Western Equine Encephalomyelitis; &#xa;Whipple Disease; &#xa;Whooping Cough; &#xa;Williams Syndrome; &#xa;Wilms Tumor-Aniridia-Genitourinary Anomalies-Mental Retardation Syndrome; &#xa;Wiskott-Aldrich Syndrome; &#xa;Wolff-Parkinson-White Syndrome; &#xa;Wolf-Hirschhorn Syndrome; &#xa;Wolfram Syndrome; &#xa;Wolman Disease; &#xa;Xeroderma Pigmentosum; &#xa;Xerophthalmia; &#xa;X-Linked Bulbar-Muscular Atrophy; &#xa;X-Linked Dominant Hypophosphatemic Rickets; &#xa;X-Linked Ichthyosis; &#xa;X-Linked Severe Combined Immunodeficiency; &#xa;XO Syndrome; &#xa;XXXY and XXXXY Syndrome; &#xa;XYY Syndrome; &#xa;Yaws; &#xa;Yellow Fever Virus Infection; &#xa;Yellow Nail Syndrome; &#xa;Yolk Sac Tumor; &#xa;Zellweger Syndrome; &#xa;Zollinger Ellison Syndrome; &#xa;Zygomycosis; &#xa;No Evidence of Disease; &#xa;" type="junit.framework.AssertionFailedError">junit.framework.AssertionFailedError: Remote code list is missing the following values: 
Chronic Myelogenous Leukemia, BCR-ABL1 Positive; 
Thyroid Gland Carcinoma; 
Uterine Corpus Cancer; 
Vaginal Carcinoma; 
Vulvar Carcinoma; 
Wilms Tumor; 
Tetralogy of Fallot; 
Thalassemia; 
Thrombocytopenia; 
Thrombotic Thrombocytopenic Purpura; 
Valvular Heart Disorder; 
Varicose Vein; 
Vasculitis; 
Ventricular Septal Defect; 
von Willebrand Disease; 
Type 1 Diabetes Mellitus; 
Type 2 Diabetes Mellitus; 
Ulcerative Colitis; 
Urinary System Disorder; 
Urinary Tract Infection; 
Vascular Access Graft Failure; 
Vascular Disorder; 
Vesicoureteral Reflux; 
Wound Complication; 
Acyl-CoA Dehydrogenase, Long-Chain Deficiency; 
Acyl-CoA Dehydrogenase, Medium-Chain Deficiency; 
Acyl-CoA Dehydrogenase, Short-Chain Deficiency; 
Niemann-Pick Disease, Type C; 
Gangrenous Stomatitis; 
Subacute Sclerosing Panencephalitis; 
Subcutaneous Panniculitis-Like T-Cell Lymphoma; 
Subependymoma; 
Subvalvular Aortic Stenosis; 
Sudden Infant Death Syndrome; 
SUNCT Syndrome; 
Superior Mesenteric Artery Syndrome; 
Superior Vena Cava Syndrome; 
Supravalvular Aortic Stenosis; 
Sweet Syndrome; 
Swyer James Syndrome; 
Syphilis; 
Syringomyelia; 
Systemic Mastocytosis; 
Systemic Scleroderma; 
Tabes Dorsalis; 
Taeniasis; 
Takayasu Arteritis; 
Takotsubo Cardiomyopathy; 
Tangier Disease; 
Tarsal Tunnel Syndrome; 
Tay-Sachs Disease; 
T-Cell Large Granular Lymphocyte Leukemia; 
Temporal Arteritis; 
Testicular Neoplasm; 
Tetanus; 
Thalamic Disease; 
Thalassemia Major; 
Thanatophoric Dysplasia; 
Thoracic Outlet Syndrome; 
Thyroglossal Duct Cyst; 
Thyroid Dysgenesis; 
Thyroid Hormone Resistance Syndrome; 
Togaviridae Infection; 
Tolosa-Hunt Syndrome; 
Tourette Syndrome; 
Toxic Epidermal Necrolysis; 
Toxocariasis; 
Tracheobronchomalacia; 
Tracheobronchomegaly; 
Tracheoesophageal Fistula; 
Transient Global Amnesia; 
Treacher Collins Syndrome; 
Treponemal Infection; 
Trichinosis; 
Trichorhinophalangeal Syndrome Type II; 
Trichothiodystrophy; 
Tricuspid Atresia; 
Trigger Finger Disorder; 
Triploidy Syndrome; 
Trismus; 
Trisomy 12; 
Trisomy 18; 
Trisomy 8; 
Trisomy 9; 
Trophoblastic Tumor; 
True Hermaphroditism; 
Tuberculosis; 
Tuberous Sclerosis; 
Tularemia; 
Turner Syndrome; 
Uniparental Disomy; 
Urachal Cyst; 
Urticaria Pigmentosa/Maculopapular Cutaneous Mastocytosis; 
Usher Syndrome; 
Uveomeningoencephalitic Syndrome; 
Vaginal Neoplasm; 
Variant Angina; 
Variegate Porphyria; 
Vascular Dementia; 
VIP Producing Tumor; 
Visceral Larva Migrans; 
Vitamin A Deficiency; 
Vitamin B6 Deficiency; 
Von Hippel-Lindau Syndrome; 
von Willebrand Disease, Type 3; 
Waardenburg Syndrome; 
Waldenstrom Macroglobulinemia; 
Wallerian Degeneration; 
Wandering Spleen; 
Waterhouse-Friderichsen Syndrome; 
Wegener Granulomatosis; 
Weill-Marchesani Syndrome; 
Wernicke-Korsakoff Syndrome; 
West Syndrome; 
Western Equine Encephalomyelitis; 
Whipple Disease; 
Whooping Cough; 
Williams Syndrome; 
Wilms Tumor-Aniridia-Genitourinary Anomalies-Mental Retardation Syndrome; 
Wiskott-Aldrich Syndrome; 
Wolff-Parkinson-White Syndrome; 
Wolf-Hirschhorn Syndrome; 
Wolfram Syndrome; 
Wolman Disease; 
Xeroderma Pigmentosum; 
Xerophthalmia; 
X-Linked Bulbar-Muscular Atrophy; 
X-Linked Dominant Hypophosphatemic Rickets; 
X-Linked Ichthyosis; 
X-Linked Severe Combined Immunodeficiency; 
XO Syndrome; 
XXXY and XXXXY Syndrome; 
XYY Syndrome; 
Yaws; 
Yellow Fever Virus Infection; 
Yellow Nail Syndrome; 
Yolk Sac Tumor; 
Zellweger Syndrome; 
Zollinger Ellison Syndrome; 
Zygomycosis; 
No Evidence of Disease; 

	at org.cagrid.cbm.test.CbmCodeListTests.missingValueTest(CbmCodeListTests.java:61)
	at org.cagrid.cbm.test.CbmCodeListTests.testDiagnosisCodeListMissingValues(CbmCodeListTests.java:20)
	at org.eclipse.ant.internal.launching.remote.EclipseDefaultExecutor.executeTargets(EclipseDefaultExecutor.java:32)
	at org.eclipse.ant.internal.launching.remote.InternalAntRunner.run(InternalAntRunner.java:423)
	at org.eclipse.ant.internal.launching.remote.InternalAntRunner.main(InternalAntRunner.java:137)
</failure>

      </testcase>

      <testcase classname="org.cagrid.cbm.test.CbmCodeListTests" name="testRaceCodeListExtraValues" time="0.79">
          <failure message="Remote code list contains the following extra values: &#xa;Black or African American; &#xa;Not Reported; &#xa;Caucasian; &#xa;" type="junit.framework.AssertionFailedError">junit.framework.AssertionFailedError: Remote code list contains the following extra values: 
Black or African American; 
Not Reported; 
Caucasian; 

	at org.cagrid.cbm.test.CbmCodeListTests.extraValueTest(CbmCodeListTests.java:47)
	at org.cagrid.cbm.test.CbmCodeListTests.testRaceCodeListExtraValues(CbmCodeListTests.java:25)
	at org.eclipse.ant.internal.launching.remote.EclipseDefaultExecutor.executeTargets(EclipseDefaultExecutor.java:32)
	at org.eclipse.ant.internal.launching.remote.InternalAntRunner.run(InternalAntRunner.java:423)
	at org.eclipse.ant.internal.launching.remote.InternalAntRunner.main(InternalAntRunner.java:137)
</failure>

      </testcase>

      <testcase classname="org.cagrid.cbm.test.CbmCodeListTests" name="testRaceCodeListMissingValues" time="0.711">
          <failure message="Remote code list is missing the following values: &#xa;African American; &#xa;Not Stated; &#xa;" type="junit.framework.AssertionFailedError">junit.framework.AssertionFailedError: Remote code list is missing the following values: 
African American; 
Not Stated; 

	at org.cagrid.cbm.test.CbmCodeListTests.missingValueTest(CbmCodeListTests.java:61)
	at org.cagrid.cbm.test.CbmCodeListTests.testRaceCodeListMissingValues(CbmCodeListTests.java:30)
	at org.eclipse.ant.internal.launching.remote.EclipseDefaultExecutor.executeTargets(EclipseDefaultExecutor.java:32)
	at org.eclipse.ant.internal.launching.remote.InternalAntRunner.run(InternalAntRunner.java:423)
	at org.eclipse.ant.internal.launching.remote.InternalAntRunner.main(InternalAntRunner.java:137)
</failure>

      </testcase>

      <testcase classname="org.cagrid.cbm.test.CbmPropertyValuesTests" name="testSpecimenTypeDataValuesAreValid" time="0.664" />

      <system-out><![CDATA[]]></system-out>

      <system-err><![CDATA[]]></system-err>

  </testsuite>
</testsuites>
